[2m2025-08-06T17:55:36.851165Z[0m [32m INFO[0m main ThreadId(01) [2msrc/main.rs[0m[2m:[0m[2m23:[0m Paragonic server starting up...
Starting Paragonic backend without database initialization...
[2m2025-08-06T17:55:36.851259Z[0m [32m INFO[0m main ThreadId(01) [2msrc/main.rs[0m[2m:[0m[2m231:[0m Starting RPC server on 127.0.0.1:3000...
[2m2025-08-06T17:55:36.851276Z[0m [32m INFO[0m main ThreadId(01) [2msrc/lib.rs[0m[2m:[0m[2m60:[0m Starting JSON-RPC server on 127.0.0.1:3000
[2m2025-08-06T17:55:36.855260Z[0m [34mDEBUG[0m ThreadId(12) [2m/Users/sjanes/.cargo/registry/src/index.crates.io-1949cf8c6b5b557f/tokio-reactor-0.1.12/src/background.rs[0m[2m:[0m[2m189:[0m starting background reactor    
[2m2025-08-06T17:55:36.855284Z[0m [34mDEBUG[0m main ThreadId(01) [2m/Users/sjanes/.cargo/registry/src/index.crates.io-1949cf8c6b5b557f/tokio-reactor-0.1.12/src/lib.rs[0m[2m:[0m[2m690:[0m adding I/O source: 0    
[2m2025-08-06T17:55:36.855339Z[0m [32m INFO[0m main ThreadId(01) [2msrc/rpc.rs[0m[2m:[0m[2m54:[0m JSON-RPC server started on 127.0.0.1:3000
[2m2025-08-06T17:55:36.855402Z[0m [34mDEBUG[0m main ThreadId(01) [2m/Users/sjanes/.cargo/registry/src/index.crates.io-1949cf8c6b5b557f/tokio-reactor-0.1.12/src/registration.rs[0m[2m:[0m[2m518:[0m scheduling Read for: 0    
[2m2025-08-06T17:55:36.855432Z[0m [34mDEBUG[0m main ThreadId(01) [2m/Users/sjanes/.cargo/registry/src/index.crates.io-1949cf8c6b5b557f/tokio-core-0.1.18/src/reactor/mod.rs[0m[2m:[0m[2m316:[0m consuming notification queue    
[2m2025-08-06T17:55:36.855450Z[0m [34mDEBUG[0m main ThreadId(01) [2m/Users/sjanes/.cargo/registry/src/index.crates.io-1949cf8c6b5b557f/tokio-core-0.1.18/src/reactor/mod.rs[0m[2m:[0m[2m306:[0m loop poll - 19.958µs    
[2m2025-08-06T17:55:36.855459Z[0m [34mDEBUG[0m main ThreadId(01) [2m/Users/sjanes/.cargo/registry/src/index.crates.io-1949cf8c6b5b557f/tokio-core-0.1.18/src/reactor/mod.rs[0m[2m:[0m[2m307:[0m loop time - Instant { tv_sec: 274479, tv_nsec: 809733791 }    
[2m2025-08-06T17:55:36.855468Z[0m [34mDEBUG[0m main ThreadId(01) [2m/Users/sjanes/.cargo/registry/src/index.crates.io-1949cf8c6b5b557f/tokio-core-0.1.18/src/reactor/mod.rs[0m[2m:[0m[2m309:[0m loop process, 18.459µs    
[2m2025-08-06T17:56:38.249511Z[0m [34mDEBUG[0m main ThreadId(01) [2m/Users/sjanes/.cargo/registry/src/index.crates.io-1949cf8c6b5b557f/tokio-core-0.1.18/src/reactor/mod.rs[0m[2m:[0m[2m306:[0m loop poll - 61.39465875s    
[2m2025-08-06T17:56:38.249598Z[0m [34mDEBUG[0m main ThreadId(01) [2m/Users/sjanes/.cargo/registry/src/index.crates.io-1949cf8c6b5b557f/tokio-core-0.1.18/src/reactor/mod.rs[0m[2m:[0m[2m307:[0m loop time - Instant { tv_sec: 274541, tv_nsec: 204418958 }    
[2m2025-08-06T17:56:38.249680Z[0m [34mDEBUG[0m main ThreadId(01) [2m/Users/sjanes/.cargo/registry/src/index.crates.io-1949cf8c6b5b557f/tokio-core-0.1.18/src/reactor/mod.rs[0m[2m:[0m[2m309:[0m loop process, 170.708µs    
[2m2025-08-06T17:56:38.249829Z[0m [34mDEBUG[0m main ThreadId(01) [2m/Users/sjanes/.cargo/registry/src/index.crates.io-1949cf8c6b5b557f/tokio-reactor-0.1.12/src/registration.rs[0m[2m:[0m[2m518:[0m scheduling Read for: 0    
[2m2025-08-06T17:56:38.249879Z[0m [34mDEBUG[0m main ThreadId(01) [2m/Users/sjanes/.cargo/registry/src/index.crates.io-1949cf8c6b5b557f/tokio-reactor-0.1.12/src/lib.rs[0m[2m:[0m[2m690:[0m adding I/O source: 4194305    
[2m2025-08-06T17:56:38.249901Z[0m [34mDEBUG[0m main ThreadId(01) [2m/Users/sjanes/.cargo/registry/src/index.crates.io-1949cf8c6b5b557f/tokio-reactor-0.1.12/src/registration.rs[0m[2m:[0m[2m518:[0m scheduling Read for: 1    
[2m2025-08-06T17:56:38.249923Z[0m [34mDEBUG[0m main ThreadId(01) [2m/Users/sjanes/.cargo/registry/src/index.crates.io-1949cf8c6b5b557f/tokio-core-0.1.18/src/reactor/mod.rs[0m[2m:[0m[2m306:[0m loop poll - 67.042µs    
[2m2025-08-06T17:56:38.249934Z[0m [34mDEBUG[0m main ThreadId(01) [2m/Users/sjanes/.cargo/registry/src/index.crates.io-1949cf8c6b5b557f/tokio-core-0.1.18/src/reactor/mod.rs[0m[2m:[0m[2m307:[0m loop time - Instant { tv_sec: 274541, tv_nsec: 204842333 }    
[2m2025-08-06T17:56:38.250935Z[0m [34mDEBUG[0m main ThreadId(01) [2m/Users/sjanes/.cargo/registry/src/index.crates.io-1949cf8c6b5b557f/tokio-core-0.1.18/src/reactor/mod.rs[0m[2m:[0m[2m309:[0m loop process, 1.00875ms    
[2m2025-08-06T17:56:38.251025Z[0m [32m INFO[0m main ThreadId(01) [2msrc/rpc.rs[0m[2m:[0m[2m2052:[0m RPC Request: method=hello, params=Some(Object {})
[2m2025-08-06T17:56:38.251045Z[0m [32m INFO[0m main ThreadId(01) [2msrc/rpc.rs[0m[2m:[0m[2m2137:[0m RPC Response: method=hello, success=true, duration=667ns, response_length=5
[2m2025-08-06T17:56:38.251085Z[0m [34mDEBUG[0m main ThreadId(01) [2m/Users/sjanes/.cargo/registry/src/index.crates.io-1949cf8c6b5b557f/tokio-reactor-0.1.12/src/registration.rs[0m[2m:[0m[2m518:[0m scheduling Read for: 1    
[2m2025-08-06T17:56:38.251123Z[0m [34mDEBUG[0m main ThreadId(01) [2m/Users/sjanes/.cargo/registry/src/index.crates.io-1949cf8c6b5b557f/tokio-core-0.1.18/src/reactor/mod.rs[0m[2m:[0m[2m306:[0m loop poll - 168.75µs    
[2m2025-08-06T17:56:38.251132Z[0m [34mDEBUG[0m main ThreadId(01) [2m/Users/sjanes/.cargo/registry/src/index.crates.io-1949cf8c6b5b557f/tokio-core-0.1.18/src/reactor/mod.rs[0m[2m:[0m[2m307:[0m loop time - Instant { tv_sec: 274541, tv_nsec: 206042500 }    
[2m2025-08-06T17:56:38.251140Z[0m [34mDEBUG[0m main ThreadId(01) [2m/Users/sjanes/.cargo/registry/src/index.crates.io-1949cf8c6b5b557f/tokio-core-0.1.18/src/reactor/mod.rs[0m[2m:[0m[2m309:[0m loop process, 17.25µs    
[2m2025-08-06T17:56:38.251268Z[0m [34mDEBUG[0m main ThreadId(01) [2m/Users/sjanes/.cargo/registry/src/index.crates.io-1949cf8c6b5b557f/tokio-reactor-0.1.12/src/lib.rs[0m[2m:[0m[2m708:[0m dropping I/O source: 1    
[2m2025-08-06T17:56:38.251305Z[0m [34mDEBUG[0m main ThreadId(01) [2m/Users/sjanes/.cargo/registry/src/index.crates.io-1949cf8c6b5b557f/tokio-core-0.1.18/src/reactor/mod.rs[0m[2m:[0m[2m306:[0m loop poll - 156.209µs    
[2m2025-08-06T17:56:38.251316Z[0m [34mDEBUG[0m main ThreadId(01) [2m/Users/sjanes/.cargo/registry/src/index.crates.io-1949cf8c6b5b557f/tokio-core-0.1.18/src/reactor/mod.rs[0m[2m:[0m[2m307:[0m loop time - Instant { tv_sec: 274541, tv_nsec: 206223875 }    
[2m2025-08-06T17:56:38.251324Z[0m [34mDEBUG[0m main ThreadId(01) [2m/Users/sjanes/.cargo/registry/src/index.crates.io-1949cf8c6b5b557f/tokio-core-0.1.18/src/reactor/mod.rs[0m[2m:[0m[2m309:[0m loop process, 20.333µs    
[2m2025-08-06T17:56:38.251336Z[0m [34mDEBUG[0m main ThreadId(01) [2m/Users/sjanes/.cargo/registry/src/index.crates.io-1949cf8c6b5b557f/tokio-core-0.1.18/src/reactor/mod.rs[0m[2m:[0m[2m306:[0m loop poll - 2.666µs    
[2m2025-08-06T17:56:38.251343Z[0m [34mDEBUG[0m main ThreadId(01) [2m/Users/sjanes/.cargo/registry/src/index.crates.io-1949cf8c6b5b557f/tokio-core-0.1.18/src/reactor/mod.rs[0m[2m:[0m[2m307:[0m loop time - Instant { tv_sec: 274541, tv_nsec: 206255916 }    
[2m2025-08-06T17:56:38.251350Z[0m [34mDEBUG[0m main ThreadId(01) [2m/Users/sjanes/.cargo/registry/src/index.crates.io-1949cf8c6b5b557f/tokio-core-0.1.18/src/reactor/mod.rs[0m[2m:[0m[2m309:[0m loop process, 14.834µs    
